<?xml version="1.0" encoding="UTF-8"?>
<!-- Generated by org.testng.reporters.JUnitXMLReporter -->
<testsuite ignored="1" hostname="DESKTOP-VN3OTKV" failures="2" tests="2" name="Surefire test" time="3.272" errors="0" timestamp="2023-03-04T01:42:06 PST">
  <testcase classname="com.qacart.todo.testcases.LoginTest" name="SouldBeAbleToLoginWithEmailAndPassword" time="0.042">
    <failure type="java.lang.RuntimeException" message="could not find the base url in the property file">
      <![CDATA[java.lang.RuntimeException: could not find the base url in the property file
at com.qacart.todo.utils.ConfigUtils.getBaseUrl(ConfigUtils.java:28)
at com.qacart.todo.pages.LoginPage.load(LoginPage.java:27)
at com.qacart.todo.testcases.LoginTest.SouldBeAbleToLoginWithEmailAndPassword(LoginTest.java:21)
at java.base/java.util.ArrayList.forEach(ArrayList.java:1511)
... Removed 30 stack frames]]>
    </failure>
  </testcase> <!-- SouldBeAbleToLoginWithEmailAndPassword -->
  <testcase classname="com.qacart.todo.testcases.TodoTest" name="shouldBeAbleToAddNewTodo" time="0.002">
    <failure type="java.lang.RuntimeException" message="could not find the base url in the property file">
      <![CDATA[java.lang.RuntimeException: could not find the base url in the property file
at com.qacart.todo.utils.ConfigUtils.getBaseUrl(ConfigUtils.java:28)
at com.qacart.todo.pages.LoginPage.load(LoginPage.java:27)
at com.qacart.todo.testcases.TodoTest.shouldBeAbleToAddNewTodo(TodoTest.java:17)
at java.base/java.util.ArrayList.forEach(ArrayList.java:1511)
... Removed 30 stack frames]]>
    </failure>
  </testcase> <!-- shouldBeAbleToAddNewTodo -->
  <testcase classname="com.qacart.todo.testcases.TodoTest" name="shouldBeAbleToDeleteNewTodo" time="0.0">
    <ignored/>
  </testcase> <!-- shouldBeAbleToDeleteNewTodo -->
</testsuite> <!-- Surefire test -->
